2025-08-21 19:28:00 | DEBUG | repo=Java-Project | action=pull
2025-05-11 08:32:00 | DEBUG | repo=Java-Project | action=test | passed=true
2025-08-10 08:55:00 | DEBUG | repo=Java-Project | action=commit
2025-07-16 11:29:00 | INFO | repo=Java-Project | action=test | passed=true
2025-04-07 21:18:00 | DEBUG | repo=Java-Project | action=commit
2025-02-23 19:18:00 | WARN | repo=Java-Project | action=test | passed=true
2025-05-15 18:00:00 | DEBUG | repo=Java-Project | action=commit
2025-03-21 10:33:00 | WARN | repo=Java-Project | action=test | passed=true
2025-09-12 07:48:00 | INFO | repo=Java-Project | action=commit
2025-09-10 16:39:00 | WARN | repo=Java-Project | action=commit
2025-03-12 09:55:00 | INFO | repo=Java-Project | action=test | passed=true
2025-07-21 15:15:00 | WARN | repo=Java-Project | action=pull
2025-06-20 21:17:00 | WARN | repo=Java-Project | action=commit
2025-10-09 18:04:00 | DEBUG | repo=Java-Project | action=commit
2025-11-03 13:54:00 | DEBUG | repo=Java-Project | action=pull
2025-07-24 20:17:00 | WARN | repo=Java-Project | action=test | passed=true
2025-06-03 18:54:00 | INFO | repo=Java-Project | action=commit
2025-04-17 15:17:00 | WARN | repo=Java-Project | action=commit
2025-09-26 11:07:00 | INFO | repo=Java-Project | action=commit
2025-01-27 08:40:00 | WARN | repo=Java-Project | action=commit
2025-05-24 15:06:00 | WARN | repo=Java-Project | action=edit | files=1
2025-02-19 18:23:00 | DEBUG | repo=Java-Project | action=commit
2024-11-20 17:01:00 | WARN | repo=Java-Project | action=pull
2024-09-28 13:16:00 | WARN | repo=Java-Project | action=commit
2025-02-27 08:14:00 | INFO | repo=Java-Project | action=edit | files=3
2025-02-03 08:46:00 | INFO | repo=Java-Project | action=test | passed=true
2025-09-26 07:58:00 | DEBUG | repo=Java-Project | action=edit | files=5
2025-06-18 13:43:00 | WARN | repo=Java-Project | action=commit
2025-11-23 21:30:00 | DEBUG | repo=Java-Project | action=test | passed=true
2025-11-27 08:36:00 | INFO | repo=Java-Project | action=commit
2025-09-08 20:00:00 | WARN | repo=Java-Project | action=commit
2025-09-28 08:07:00 | DEBUG | repo=Java-Project | action=commit
2025-06-25 09:22:00 | WARN | repo=Java-Project | action=edit | files=2
2025-08-10 14:30:00 | WARN | repo=Java-Project | action=commit
2025-06-20 11:12:00 | WARN | repo=Java-Project | action=commit
2025-05-04 09:26:00 | WARN | repo=Java-Project | action=edit | files=2
2025-03-22 11:49:00 | INFO | repo=Java-Project | action=commit
2025-11-16 08:12:00 | INFO | repo=Java-Project | action=pull
2025-07-17 19:55:00 | WARN | repo=Java-Project | action=edit | files=1
2025-10-14 11:04:00 | WARN | repo=Java-Project | action=commit
2025-02-22 19:52:00 | DEBUG | repo=Java-Project | action=commit
2025-01-21 07:35:00 | INFO | repo=Java-Project | action=commit
2025-03-25 08:07:00 | DEBUG | repo=Java-Project | action=commit
2025-09-10 12:38:00 | WARN | repo=Java-Project | action=commit
2025-07-13 19:50:00 | DEBUG | repo=Java-Project | action=commit
2025-11-16 18:49:00 | INFO | repo=Java-Project | action=edit | files=3
2025-12-27 08:20:00 | DEBUG | repo=Java-Project | action=commit
2025-07-17 21:54:00 | INFO | repo=Java-Project | action=commit
2025-05-15 16:59:00 | INFO | repo=Java-Project | action=test | passed=true
2025-02-14 08:57:00 | DEBUG | repo=Java-Project | action=commit
2025-08-02 07:11:00 | INFO | repo=Java-Project | action=pull
2025-04-16 09:07:00 | INFO | repo=Java-Project | action=commit
2025-10-20 10:29:00 | WARN | repo=Java-Project | action=commit
2025-08-19 15:54:00 | DEBUG | repo=Java-Project | action=test | passed=true
2025-11-20 08:04:00 | DEBUG | repo=Java-Project | action=commit
2025-05-21 07:55:00 | WARN | repo=Java-Project | action=commit
2025-04-28 18:11:00 | INFO | repo=Java-Project | action=pull
2025-08-02 07:21:00 | INFO | repo=Java-Project | action=edit | files=4
2025-10-17 19:57:00 | DEBUG | repo=Java-Project | action=commit
2025-11-19 14:31:00 | WARN | repo=Java-Project | action=commit
2025-10-26 08:01:00 | WARN | repo=Java-Project | action=commit
